#
# A fatal error has been detected by the Java Runtime Environment:
#
#  EXCEPTION_ACCESS_VIOLATION (0xc0000005) at pc=0x0000000059627aa3, pid=15084, tid=0x0000000000003584
#
# JRE version: Java(TM) SE Runtime Environment (8.0_151-b12) (build 1.8.0_151-b12)
# Java VM: Java HotSpot(TM) 64-Bit Server VM (25.151-b12 mixed mode windows-amd64 compressed oops)
# Problematic frame:
# V  [jvm.dll+0x3f7aa3]
#
# Failed to write core dump. Minidumps are not enabled by default on client versions of Windows
#
# If you would like to submit a bug report, please visit:
#   http://bugreport.java.com/bugreport/crash.jsp
#

---------------  T H R E A D  ---------------

Current thread (0x0000000004899000):  GCTaskThread [stack: 0x0000000014b60000,0x0000000014c60000] [id=13700]

siginfo: ExceptionCode=0xc0000005, writing address 0xffffffffcb8b9113

Registers:
RAX=0x000000001f696040, RBX=0x00000000000088cd, RCX=0x00000006c92a0688, RDX=0x000000001d460fe4
RSP=0x0000000014c5f6c0, RBP=0x0000000000000000, RSI=0x000000001e564fc0, RDI=0x0000000000000001
R8 =0x0000000000000007, R9 =0x0000000000000007, R10=0x000000000000000c, R11=0x00000000000088cd
R12=0x0000000059884438, R13=0x000000000488dda0, R14=0x0000000004899470, R15=0x0000000000000000
RIP=0x0000000059627aa3, EFLAGS=0x0000000000010a82

Top of Stack: (sp=0x0000000014c5f6c0)
0x0000000014c5f6c0:   000000001e564fc0 00000000596391a3
0x0000000014c5f6d0:   0000000059884438 0000000059884438
0x0000000014c5f6e0:   00000006c92a0688 000000005962bc78
0x0000000014c5f6f0:   0000000059a4d850 0000000000000007
0x0000000014c5f700:   0000000600000000 1a02bd99000183d4
0x0000000014c5f710:   00000006c92a0688 0000000059344976
0x0000000014c5f720:   00000006c92a0688 000000000488dda0
0x0000000014c5f730:   0000000004899480 0000000004899470
0x0000000014c5f740:   0000000059884438 0000000000000001
0x0000000014c5f750:   00000000203d76f0 0000000000000000
0x0000000014c5f760:   000000001e564fc0 000000005962557f
0x0000000014c5f770:   000000001f6da6a8 0000000000000000
0x0000000014c5f780:   00000000203d76f0 0000000059884438
0x0000000014c5f790:   0000000000000000 0000000000000000
0x0000000014c5f7a0:   00000000203d76f0 0000000059622a0e
0x0000000014c5f7b0:   000000006768b7dc 0000000004899000 

Instructions: (pc=0x0000000059627aa3)
0x0000000059627a83:   00 00 ff cb 81 e3 ff ff 01 00 89 1e e8 3c 57 e2
0x0000000059627a93:   ff 48 8b 46 30 48 8b 0c d8 48 89 8c 24 b0 00 00
0x0000000059627aa3:   00 8b 46 08 8b cb 2b c8 81 e1 ff ff 01 00 81 f9
0x0000000059627ab3:   ff ff 01 00 41 0f 44 cf 85 c9 75 5d 48 8b 46 08 


Register to memory mapping:

RAX=0x000000001f696040 is an unknown value
RBX=0x00000000000088cd is an unknown value
RCX=0x00000006c92a0688 is an oop
[Ljava.lang.Object; 
 - klass: 'java/lang/Object'[]
 - length: 10
RDX=0x000000001d460fe4 is an unknown value
RSP=0x0000000014c5f6c0 is an unknown value
RBP=0x0000000000000000 is an unknown value
RSI=0x000000001e564fc0 is an unknown value
RDI=0x0000000000000001 is an unknown value
R8 =0x0000000000000007 is an unknown value
R9 =0x0000000000000007 is an unknown value
R10=0x000000000000000c is an unknown value
R11=0x00000000000088cd is an unknown value
R12=0x0000000059884438 is an unknown value
R13=0x000000000488dda0 is an unknown value
R14=0x0000000004899470 is an unknown value
R15=0x0000000000000000 is an unknown value


Stack: [0x0000000014b60000,0x0000000014c60000],  sp=0x0000000014c5f6c0,  free space=1021k
Native frames: (J=compiled Java code, j=interpreted, Vv=VM code, C=native code)


---------------  P R O C E S S  ---------------

Java Threads: ( => current thread )
  0x00000000201e9000 JavaThread "Service Thread" daemon [_thread_blocked, id=12568, stack(0x0000000022a60000,0x0000000022b60000)]
  0x0000000020114800 JavaThread "C1 CompilerThread11" daemon [_thread_blocked, id=5792, stack(0x0000000022960000,0x0000000022a60000)]
  0x000000002011b800 JavaThread "C1 CompilerThread10" daemon [_thread_blocked, id=13544, stack(0x0000000022860000,0x0000000022960000)]
  0x000000002011a800 JavaThread "C1 CompilerThread9" daemon [_thread_blocked, id=9476, stack(0x0000000022760000,0x0000000022860000)]
  0x0000000020119000 JavaThread "C1 CompilerThread8" daemon [_thread_blocked, id=14868, stack(0x0000000022660000,0x0000000022760000)]
  0x0000000020117800 JavaThread "C2 CompilerThread7" daemon [_thread_blocked, id=10452, stack(0x0000000022460000,0x0000000022560000)]
  0x000000002011a000 JavaThread "C2 CompilerThread6" daemon [_thread_blocked, id=16488, stack(0x0000000022360000,0x0000000022460000)]
  0x0000000020117000 JavaThread "C2 CompilerThread5" daemon [_thread_blocked, id=4428, stack(0x0000000022260000,0x0000000022360000)]
  0x0000000020116000 JavaThread "C2 CompilerThread4" daemon [_thread_blocked, id=15784, stack(0x0000000022160000,0x0000000022260000)]
  0x0000000020115800 JavaThread "C2 CompilerThread3" daemon [_thread_blocked, id=9640, stack(0x0000000022060000,0x0000000022160000)]
  0x0000000020118800 JavaThread "C2 CompilerThread2" daemon [_thread_blocked, id=5936, stack(0x0000000021f60000,0x0000000022060000)]
  0x0000000020114000 JavaThread "C2 CompilerThread1" daemon [_thread_blocked, id=17132, stack(0x0000000021e60000,0x0000000021f60000)]
  0x0000000020113000 JavaThread "C2 CompilerThread0" daemon [_thread_blocked, id=4672, stack(0x0000000021d60000,0x0000000021e60000)]
  0x000000002010e800 JavaThread "Attach Listener" daemon [_thread_blocked, id=10568, stack(0x0000000021c60000,0x0000000021d60000)]
  0x000000002010b800 JavaThread "Signal Dispatcher" daemon [_thread_blocked, id=9572, stack(0x0000000021b60000,0x0000000021c60000)]
  0x00000000200f6800 JavaThread "Finalizer" daemon [_thread_blocked, id=15432, stack(0x0000000021960000,0x0000000021a60000)]
  0x00000000200d5800 JavaThread "Reference Handler" daemon [_thread_blocked, id=7016, stack(0x0000000021860000,0x0000000021960000)]
  0x000000000487e800 JavaThread "main" [_thread_blocked, id=8240, stack(0x0000000004750000,0x0000000004850000)]

Other Threads:
  0x00000000200d2800 VMThread [stack: 0x0000000021760000,0x0000000021860000] [id=524]
  0x00000000201ef800 WatcherThread [stack: 0x0000000022b60000,0x0000000022c60000] [id=10680]

=>0x0000000004899000 (exited) GCTaskThread [stack: 0x0000000014b60000,0x0000000014c60000] [id=13700]

VM state:at safepoint (normal execution)

VM Mutex/Monitor currently owned by a thread:  ([mutex/lock_event])
[0x000000000487da00] Threads_lock - owner thread: 0x00000000200d2800
[0x000000000487d680] Heap_lock - owner thread: 0x000000000487e800

Heap:
 PSYoungGen      total 823296K, used 96K [0x000000076cb00000, 0x000000079f000000, 0x00000007c0000000)
  eden space 822784K, 0% used [0x000000076cb00000,0x000000076cb00000,0x000000079ee80000)
  from space 512K, 18% used [0x000000079ef00000,0x000000079ef18000,0x000000079ef80000)
  to   space 512K, 0% used [0x000000079ef80000,0x000000079ef80000,0x000000079f000000)
 ParOldGen       total 429568K, used 179735K [0x00000006c6000000, 0x00000006e0380000, 0x000000076cb00000)
  object space 429568K, 41% used [0x00000006c6000000,0x00000006d0f85dd8,0x00000006e0380000)
 Metaspace       used 6622K, capacity 6842K, committed 7168K, reserved 1056768K
  class space    used 673K, capacity 729K, committed 768K, reserved 1048576K

Card table byte_map: [0x0000000013d40000,0x0000000014520000] byte_map_base: 0x0000000010710000

Marking Bits: (ParMarkBitMap*) 0x0000000059a4d850
 Begin Bits: [0x0000000015760000, 0x00000000195e0000)
 End Bits:   [0x00000000195e0000, 0x000000001d460000)

Polling page: 0x0000000002c10000

CodeCache: size=245760Kb used=6446Kb max_used=7821Kb free=239313Kb
 bounds [0x0000000004980000, 0x0000000005130000, 0x0000000013980000]
 total_blobs=1325 nmethods=990 adapters=246
 compilation: enabled

Compilation events (10 events):
Event: 3752.758 Thread 0x000000002011a800 nmethod 1408 0x0000000004dba490 code [0x0000000004dba8a0, 0x0000000004dbd948]
Event: 3752.759 Thread 0x0000000020119000 nmethod 1410 0x000000000505d810 code [0x000000000505df20, 0x0000000005063a88]
Event: 3790.481 Thread 0x000000002011a800 1415       3       java.text.DecimalFormat::getPositivePrefixFieldPositions (41 bytes)
Event: 3790.481 Thread 0x0000000020119000 1416       3       java.text.DecimalFormat::getPositiveSuffixFieldPositions (41 bytes)
Event: 3790.482 Thread 0x000000002011a800 nmethod 1415 0x0000000004d6b110 code [0x0000000004d6b280, 0x0000000004d6b508]
Event: 3790.482 Thread 0x0000000020119000 nmethod 1416 0x0000000004d3b010 code [0x0000000004d3b180, 0x0000000004d3b408]
Event: 3790.509 Thread 0x0000000020114000 1417       4       taxi.od.solver.TaxiODSolver::clearRegistrosRuins (429 bytes)
Event: 3790.565 Thread 0x0000000020114000 nmethod 1417 0x000000000503d750 code [0x000000000503dbe0, 0x00000000050404a8]
Event: 3824.599 Thread 0x0000000020114800 1418   !   3       java.lang.ref.Reference::tryHandlePending (115 bytes)
Event: 3824.599 Thread 0x0000000020114800 nmethod 1418 0x0000000004df36d0 code [0x0000000004df3900, 0x0000000004df45c8]

GC Heap History (10 events):
Event: 3934.485 GC heap after
Heap after GC invocations=21271 (full 10620):
 PSYoungGen      total 823296K, used 32K [0x000000076cb00000, 0x000000079f000000, 0x00000007c0000000)
  eden space 822784K, 0% used [0x000000076cb00000,0x000000076cb00000,0x000000079ee80000)
  from space 512K, 6% used [0x000000079ef00000,0x000000079ef08000,0x000000079ef80000)
  to   space 512K, 0% used [0x000000079ef80000,0x000000079ef80000,0x000000079f000000)
 ParOldGen       total 429568K, used 179734K [0x00000006c6000000, 0x00000006e0380000, 0x000000076cb00000)
  object space 429568K, 41% used [0x00000006c6000000,0x00000006d0f85920,0x00000006e0380000)
 Metaspace       used 6622K, capacity 6842K, committed 7168K, reserved 1056768K
  class space    used 673K, capacity 729K, committed 768K, reserved 1048576K
}
Event: 3934.485 GC heap before
{Heap before GC invocations=21272 (full 10621):
 PSYoungGen      total 823296K, used 32K [0x000000076cb00000, 0x000000079f000000, 0x00000007c0000000)
  eden space 822784K, 0% used [0x000000076cb00000,0x000000076cb00000,0x000000079ee80000)
  from space 512K, 6% used [0x000000079ef00000,0x000000079ef08000,0x000000079ef80000)
  to   space 512K, 0% used [0x000000079ef80000,0x000000079ef80000,0x000000079f000000)
 ParOldGen       total 429568K, used 179734K [0x00000006c6000000, 0x00000006e0380000, 0x000000076cb00000)
  object space 429568K, 41% used [0x00000006c6000000,0x00000006d0f85920,0x00000006e0380000)
 Metaspace       used 6622K, capacity 6842K, committed 7168K, reserved 1056768K
  class space    used 673K, capacity 729K, committed 768K, reserved 1048576K
Event: 3934.631 GC heap after
Heap after GC invocations=21272 (full 10621):
 PSYoungGen      total 823296K, used 0K [0x000000076cb00000, 0x000000079f000000, 0x00000007c0000000)
  eden space 822784K, 0% used [0x000000076cb00000,0x000000076cb00000,0x000000079ee80000)
  from space 512K, 0% used [0x000000079ef00000,0x000000079ef00000,0x000000079ef80000)
  to   space 512K, 0% used [0x000000079ef80000,0x000000079ef80000,0x000000079f000000)
 ParOldGen       total 429568K, used 179734K [0x00000006c6000000, 0x00000006e0380000, 0x000000076cb00000)
  object space 429568K, 41% used [0x00000006c6000000,0x00000006d0f85aa8,0x00000006e0380000)
 Metaspace       used 6622K, capacity 6842K, committed 7168K, reserved 1056768K
  class space    used 673K, capacity 729K, committed 768K, reserved 1048576K
}
Event: 3934.634 GC heap before
{Heap before GC invocations=21273 (full 10621):
 PSYoungGen      total 823296K, used 15928K [0x000000076cb00000, 0x000000079f000000, 0x00000007c0000000)
  eden space 822784K, 1% used [0x000000076cb00000,0x000000076da8e1b0,0x000000079ee80000)
  from space 512K, 0% used [0x000000079ef00000,0x000000079ef00000,0x000000079ef80000)
  to   space 512K, 0% used [0x000000079ef80000,0x000000079ef80000,0x000000079f000000)
 ParOldGen       total 429568K, used 179734K [0x00000006c6000000, 0x00000006e0380000, 0x000000076cb00000)
  object space 429568K, 41% used [0x00000006c6000000,0x00000006d0f85aa8,0x00000006e0380000)
 Metaspace       used 6622K, capacity 6842K, committed 7168K, reserved 1056768K
  class space    used 673K, capacity 729K, committed 768K, reserved 1048576K
Event: 3934.635 GC heap after
Heap after GC invocations=21273 (full 10621):
 PSYoungGen      total 823296K, used 96K [0x000000076cb00000, 0x000000079f000000, 0x00000007c0000000)
  eden space 822784K, 0% used [0x000000076cb00000,0x000000076cb00000,0x000000079ee80000)
  from space 512K, 18% used [0x000000079ef80000,0x000000079ef98000,0x000000079f000000)
  to   space 512K, 0% used [0x000000079ef00000,0x000000079ef00000,0x000000079ef80000)
 ParOldGen       total 429568K, used 179734K [0x00000006c6000000, 0x00000006e0380000, 0x000000076cb00000)
  object space 429568K, 41% used [0x00000006c6000000,0x00000006d0f85aa8,0x00000006e0380000)
 Metaspace       used 6622K, capacity 6842K, committed 7168K, reserved 1056768K
  class space    used 673K, capacity 729K, committed 768K, reserved 1048576K
}
Event: 3934.635 GC heap before
{Heap before GC invocations=21274 (full 10622):
 PSYoungGen      total 823296K, used 96K [0x000000076cb00000, 0x000000079f000000, 0x00000007c0000000)
  eden space 822784K, 0% used [0x000000076cb00000,0x000000076cb00000,0x000000079ee80000)
  from space 512K, 18% used [0x000000079ef80000,0x000000079ef98000,0x000000079f000000)
  to   space 512K, 0% used [0x000000079ef00000,0x000000079ef00000,0x000000079ef80000)
 ParOldGen       total 429568K, used 179734K [0x00000006c6000000, 0x00000006e0380000, 0x000000076cb00000)
  object space 429568K, 41% used [0x00000006c6000000,0x00000006d0f85aa8,0x00000006e0380000)
 Metaspace       used 6622K, capacity 6842K, committed 7168K, reserved 1056768K
  class space    used 673K, capacity 729K, committed 768K, reserved 1048576K
Event: 3934.790 GC heap after
Heap after GC invocations=21274 (full 10622):
 PSYoungGen      total 823296K, used 0K [0x000000076cb00000, 0x000000079f000000, 0x00000007c0000000)
  eden space 822784K, 0% used [0x000000076cb00000,0x000000076cb00000,0x000000079ee80000)
  from space 512K, 0% used [0x000000079ef80000,0x000000079ef80000,0x000000079f000000)
  to   space 512K, 0% used [0x000000079ef00000,0x000000079ef00000,0x000000079ef80000)
 ParOldGen       total 429568K, used 179735K [0x00000006c6000000, 0x00000006e0380000, 0x000000076cb00000)
  object space 429568K, 41% used [0x00000006c6000000,0x00000006d0f85dd8,0x00000006e0380000)
 Metaspace       used 6622K, capacity 6842K, committed 7168K, reserved 1056768K
  class space    used 673K, capacity 729K, committed 768K, reserved 1048576K
}
Event: 3934.796 GC heap before
{Heap before GC invocations=21275 (full 10622):
 PSYoungGen      total 823296K, used 45298K [0x000000076cb00000, 0x000000079f000000, 0x00000007c0000000)
  eden space 822784K, 5% used [0x000000076cb00000,0x000000076f73cb98,0x000000079ee80000)
  from space 512K, 0% used [0x000000079ef80000,0x000000079ef80000,0x000000079f000000)
  to   space 512K, 0% used [0x000000079ef00000,0x000000079ef00000,0x000000079ef80000)
 ParOldGen       total 429568K, used 179735K [0x00000006c6000000, 0x00000006e0380000, 0x000000076cb00000)
  object space 429568K, 41% used [0x00000006c6000000,0x00000006d0f85dd8,0x00000006e0380000)
 Metaspace       used 6622K, capacity 6842K, committed 7168K, reserved 1056768K
  class space    used 673K, capacity 729K, committed 768K, reserved 1048576K
Event: 3934.797 GC heap after
Heap after GC invocations=21275 (full 10622):
 PSYoungGen      total 823296K, used 96K [0x000000076cb00000, 0x000000079f000000, 0x00000007c0000000)
  eden space 822784K, 0% used [0x000000076cb00000,0x000000076cb00000,0x000000079ee80000)
  from space 512K, 18% used [0x000000079ef00000,0x000000079ef18000,0x000000079ef80000)
  to   space 512K, 0% used [0x000000079ef80000,0x000000079ef80000,0x000000079f000000)
 ParOldGen       total 429568K, used 179735K [0x00000006c6000000, 0x00000006e0380000, 0x000000076cb00000)
  object space 429568K, 41% used [0x00000006c6000000,0x00000006d0f85dd8,0x00000006e0380000)
 Metaspace       used 6622K, capacity 6842K, committed 7168K, reserved 1056768K
  class space    used 673K, capacity 729K, committed 768K, reserved 1048576K
}
Event: 3934.797 GC heap before
{Heap before GC invocations=21276 (full 10623):
 PSYoungGen      total 823296K, used 96K [0x000000076cb00000, 0x000000079f000000, 0x00000007c0000000)
  eden space 822784K, 0% used [0x000000076cb00000,0x000000076cb00000,0x000000079ee80000)
  from space 512K, 18% used [0x000000079ef00000,0x000000079ef18000,0x000000079ef80000)
  to   space 512K, 0% used [0x000000079ef80000,0x000000079ef80000,0x000000079f000000)
 ParOldGen       total 429568K, used 179735K [0x00000006c6000000, 0x00000006e0380000, 0x000000076cb00000)
  object space 429568K, 41% used [0x00000006c6000000,0x00000006d0f85dd8,0x00000006e0380000)
 Metaspace       used 6622K, capacity 6842K, committed 7168K, reserved 1056768K
  class space    used 673K, capacity 729K, committed 768K, reserved 1048576K

Deoptimization events (10 events):
Event: 1872.155 Thread 0x000000000487e800 Uncommon trap: reason=unstable_if action=reinterpret pc=0x0000000004d6c1a8 method=sun.util.calendar.BaseCalendar.getFixedDate(IIILsun/util/calendar/BaseCalendar$Date;)J @ 67
Event: 1872.173 Thread 0x000000000487e800 Uncommon trap: reason=class_check action=maybe_recompile pc=0x0000000004d755e0 method=java.lang.ThreadLocal.get()Ljava/lang/Object; @ 6
Event: 1872.174 Thread 0x000000000487e800 Uncommon trap: reason=class_check action=maybe_recompile pc=0x0000000004d755e0 method=java.lang.ThreadLocal.get()Ljava/lang/Object; @ 6
Event: 1872.174 Thread 0x000000000487e800 Uncommon trap: reason=class_check action=maybe_recompile pc=0x0000000004d755e0 method=java.lang.ThreadLocal.get()Ljava/lang/Object; @ 6
Event: 1872.174 Thread 0x000000000487e800 Uncommon trap: reason=class_check action=maybe_recompile pc=0x0000000004d755e0 method=java.lang.ThreadLocal.get()Ljava/lang/Object; @ 6
Event: 1872.964 Thread 0x000000000487e800 Uncommon trap: reason=unstable_if action=reinterpret pc=0x0000000004f6c730 method=taxi.od.solver.taxi_Trip_Instance.preparaBusca(I)V @ 11
Event: 1971.918 Thread 0x000000000487e800 Uncommon trap: reason=unstable_if action=reinterpret pc=0x0000000004fb3ea4 method=sun.misc.FloatingDecimal$BinaryToASCIIBuffer.dtoa(IJIZ)V @ 97
Event: 1971.918 Thread 0x000000000487e800 Uncommon trap: reason=unstable_if action=reinterpret pc=0x0000000004f77cd0 method=sun.misc.FloatingDecimal$BinaryToASCIIBuffer.getChars([C)I @ 150
Event: 2050.175 Thread 0x000000000487e800 Uncommon trap: reason=unstable_if action=reinterpret pc=0x00000000050b68dc method=sun.misc.FloatingDecimal$BinaryToASCIIBuffer.dtoa(IJIZ)V @ 1452
Event: 2147.800 Thread 0x000000000487e800 Uncommon trap: reason=unstable_if action=reinterpret pc=0x0000000004e12140 method=sun.misc.FloatingDecimal$BinaryToASCIIBuffer.dtoa(IJIZ)V @ 1056

Internal exceptions (10 events):
Event: 0.253 Thread 0x000000000487e800 Exception <a 'java/security/PrivilegedActionException'> (0x000000076cd9bf40) thrown at [C:\re\workspace\8-2-build-windows-amd64-cygwin\jdk8u151\9699\hotspot\src\share\vm\prims\jvm.cpp, line 1390]
Event: 0.311 Thread 0x000000000487e800 Exception <a 'java/lang/NoSuchFieldError': method resolution failed> (0x000000076cecb5f0) thrown at [C:\re\workspace\8-2-build-windows-amd64-cygwin\jdk8u151\9699\hotspot\src\share\vm\prims\methodHandles.cpp, line 1146]
Event: 0.313 Thread 0x000000000487e800 Exception <a 'java/lang/NoSuchFieldError': method resolution failed> (0x000000076d2afab8) thrown at [C:\re\workspace\8-2-build-windows-amd64-cygwin\jdk8u151\9699\hotspot\src\share\vm\prims\methodHandles.cpp, line 1146]
Event: 0.418 Thread 0x000000000487e800 Exception <a 'java/lang/NoSuchMethodError': <clinit>> (0x000000076d379c90) thrown at [C:\re\workspace\8-2-build-windows-amd64-cygwin\jdk8u151\9699\hotspot\src\share\vm\prims\jni.cpp, line 1613]
Event: 1801.195 Thread 0x000000000487e800 Implicit null exception at 0x00000000050cfeda to 0x00000000050d004e
Event: 1812.240 Thread 0x000000000487e800 Implicit null exception at 0x000000000511068f to 0x00000000051111c5
Event: 1815.289 Thread 0x000000000487e800 Exception <a 'java/lang/NoSuchMethodError': <clinit>> (0x0000000784731110) thrown at [C:\re\workspace\8-2-build-windows-amd64-cygwin\jdk8u151\9699\hotspot\src\share\vm\prims\jni.cpp, line 1613]
Event: 1815.421 Thread 0x000000000487e800 Exception <a 'java/lang/NoSuchMethodError': <clinit>> (0x0000000784c71db0) thrown at [C:\re\workspace\8-2-build-windows-amd64-cygwin\jdk8u151\9699\hotspot\src\share\vm\prims\jni.cpp, line 1613]
Event: 1818.841 Thread 0x000000000487e800 Exception <a 'java/lang/NoSuchMethodError': <clinit>> (0x0000000786717b58) thrown at [C:\re\workspace\8-2-build-windows-amd64-cygwin\jdk8u151\9699\hotspot\src\share\vm\prims\jni.cpp, line 1613]
Event: 1821.861 Thread 0x000000000487e800 Exception <a 'java/lang/NoSuchMethodError': <clinit>> (0x00000007874a29e8) thrown at [C:\re\workspace\8-2-build-windows-amd64-cygwin\jdk8u151\9699\hotspot\src\share\vm\prims\jni.cpp, line 1613]

Events (10 events):
Event: 3934.167 Executing VM operation: ParallelGCSystemGC done
Event: 3934.174 Executing VM operation: ParallelGCSystemGC
Event: 3934.319 Executing VM operation: ParallelGCSystemGC done
Event: 3934.320 Executing VM operation: ParallelGCSystemGC
Event: 3934.479 Executing VM operation: ParallelGCSystemGC done
Event: 3934.483 Executing VM operation: ParallelGCSystemGC
Event: 3934.631 Executing VM operation: ParallelGCSystemGC done
Event: 3934.634 Executing VM operation: ParallelGCSystemGC
Event: 3934.790 Executing VM operation: ParallelGCSystemGC done
Event: 3934.796 Executing VM operation: ParallelGCSystemGC


Dynamic libraries:
0x00007ff71d210000 - 0x00007ff71d247000 	C:\Program Files\Java\jdk1.8.0_151\bin\java.exe
0x00007ffa42310000 - 0x00007ffa424f0000 	C:\WINDOWS\SYSTEM32\ntdll.dll
0x00007ffa40db0000 - 0x00007ffa40e5e000 	C:\WINDOWS\System32\KERNEL32.DLL
0x00007ffa3e910000 - 0x00007ffa3eb76000 	C:\WINDOWS\System32\KERNELBASE.dll
0x00007ffa410a0000 - 0x00007ffa41141000 	C:\WINDOWS\System32\ADVAPI32.dll
0x00007ffa41790000 - 0x00007ffa4182d000 	C:\WINDOWS\System32\msvcrt.dll
0x00007ffa41ff0000 - 0x00007ffa4204b000 	C:\WINDOWS\System32\sechost.dll
0x00007ffa41a50000 - 0x00007ffa41b6f000 	C:\WINDOWS\System32\RPCRT4.dll
0x00007ffa42050000 - 0x00007ffa421df000 	C:\WINDOWS\System32\USER32.dll
0x00007ffa3f7c0000 - 0x00007ffa3f7e0000 	C:\WINDOWS\System32\win32u.dll
0x00007ffa41a20000 - 0x00007ffa41a48000 	C:\WINDOWS\System32\GDI32.dll
0x00007ffa3eb80000 - 0x00007ffa3ed13000 	C:\WINDOWS\System32\gdi32full.dll
0x00007ffa3f720000 - 0x00007ffa3f7bb000 	C:\WINDOWS\System32\msvcp_win.dll
0x00007ffa3e710000 - 0x00007ffa3e806000 	C:\WINDOWS\System32\ucrtbase.dll
0x00007ffa314f0000 - 0x00007ffa31759000 	C:\WINDOWS\WinSxS\amd64_microsoft.windows.common-controls_6595b64144ccf1df_6.0.16299.309_none_15cfd4c4935e6b11\COMCTL32.dll
0x00007ffa41150000 - 0x00007ffa41458000 	C:\WINDOWS\System32\combase.dll
0x00007ffa3ed80000 - 0x00007ffa3edf2000 	C:\WINDOWS\System32\bcryptPrimitives.dll
0x00007ffa41fc0000 - 0x00007ffa41fed000 	C:\WINDOWS\System32\IMM32.DLL
0x00007ffa3d840000 - 0x00007ffa3d871000 	C:\WINDOWS\SYSTEM32\ntmarta.dll
0x00007ffa3e590000 - 0x00007ffa3e5c0000 	C:\WINDOWS\SYSTEM32\SspiCli.dll
0x0000000059150000 - 0x0000000059222000 	C:\Program Files\Java\jdk1.8.0_151\jre\bin\msvcr100.dll
0x0000000059230000 - 0x0000000059acd000 	C:\Program Files\Java\jdk1.8.0_151\jre\bin\server\jvm.dll
0x00007ffa422d0000 - 0x00007ffa422d8000 	C:\WINDOWS\System32\PSAPI.DLL
0x00007ffa36d20000 - 0x00007ffa36d29000 	C:\WINDOWS\SYSTEM32\WSOCK32.dll
0x00007ffa421e0000 - 0x00007ffa4224c000 	C:\WINDOWS\System32\WS2_32.dll
0x00007ffa3c910000 - 0x00007ffa3c933000 	C:\WINDOWS\SYSTEM32\WINMM.dll
0x00007ffa37540000 - 0x00007ffa3754a000 	C:\WINDOWS\SYSTEM32\VERSION.dll
0x00007ffa3c5e0000 - 0x00007ffa3c60a000 	C:\WINDOWS\SYSTEM32\winmmbase.dll
0x00007ffa3e8c0000 - 0x00007ffa3e90a000 	C:\WINDOWS\System32\cfgmgr32.dll
0x0000000059100000 - 0x000000005910f000 	C:\Program Files\Java\jdk1.8.0_151\jre\bin\verify.dll
0x00000000590d0000 - 0x00000000590f9000 	C:\Program Files\Java\jdk1.8.0_151\jre\bin\java.dll
0x00000000590b0000 - 0x00000000590c6000 	C:\Program Files\Java\jdk1.8.0_151\jre\bin\zip.dll
0x00007ffa3f7e0000 - 0x00007ffa40c16000 	C:\WINDOWS\System32\SHELL32.dll
0x00007ffa416e0000 - 0x00007ffa41786000 	C:\WINDOWS\System32\shcore.dll
0x00007ffa3efd0000 - 0x00007ffa3f717000 	C:\WINDOWS\System32\windows.storage.dll
0x00007ffa419c0000 - 0x00007ffa41a11000 	C:\WINDOWS\System32\shlwapi.dll
0x00007ffa3e660000 - 0x00007ffa3e671000 	C:\WINDOWS\System32\kernel.appcore.dll
0x00007ffa3e6a0000 - 0x00007ffa3e6ec000 	C:\WINDOWS\System32\powrprof.dll
0x00007ffa3e680000 - 0x00007ffa3e69b000 	C:\WINDOWS\System32\profapi.dll
0x0000000059090000 - 0x00000000590aa000 	C:\Program Files\Java\jdk1.8.0_151\jre\bin\net.dll
0x00007ffa3de90000 - 0x00007ffa3def6000 	C:\WINDOWS\system32\mswsock.dll
0x0000000059070000 - 0x0000000059081000 	C:\Program Files\Java\jdk1.8.0_151\jre\bin\nio.dll
0x00007ffa33da0000 - 0x00007ffa33f68000 	C:\WINDOWS\SYSTEM32\dbghelp.dll

VM Arguments:
jvm_args: -Dfile.encoding=UTF-8 -Xmx4000m 
java_command: taxi.od.solver.TaxiODSolver
java_class_path (initial): C:\Users\lucia\OneDrive\Documentos\NetBeansProjects\taxi OD solver\commons-math3-3.0.jar;C:\Users\lucia\OneDrive\Documentos\NetBeansProjects\taxi OD solver\jfreechart-1.0.19\lib\hamcrest-core-1.3.jar;C:\Users\lucia\OneDrive\Documentos\NetBeansProjects\taxi OD solver\jfreechart-1.0.19\lib\jcommon-1.0.23.jar;C:\Users\lucia\OneDrive\Documentos\NetBeansProjects\taxi OD solver\jfreechart-1.0.19\lib\jfreechart-1.0.19-experimental.jar;C:\Users\lucia\OneDrive\Documentos\NetBeansProjects\taxi OD solver\jfreechart-1.0.19\lib\jfreechart-1.0.19-swt.jar;C:\Users\lucia\OneDrive\Documentos\NetBeansProjects\taxi OD solver\jfreechart-1.0.19\lib\jfreechart-1.0.19.jar;C:\Users\lucia\OneDrive\Documentos\NetBeansProjects\taxi OD solver\jfreechart-1.0.19\lib\jfreesvg-2.0.jar;C:\Users\lucia\OneDrive\Documentos\NetBeansProjects\taxi OD solver\jfreechart-1.0.19\lib\junit-4.11.jar;C:\Users\lucia\OneDrive\Documentos\NetBeansProjects\taxi OD solver\jfreechart-1.0.19\lib\orsoncharts-1.4-eval-nofx.jar;C:\Users\lucia\OneDrive\Documentos\NetBeansProjects\taxi OD solver\jfreechart-1.0.19\lib\orsonpdf-1.6-eval.jar;C:\Users\lucia\OneDrive\Documentos\NetBeansProjects\taxi OD solver\jfreechart-1.0.19\lib\servlet.jar;C:\Users\lucia\OneDrive\Documentos\NetBeansProjects\taxi OD solver\jfreechart-1.0.19\lib\swtgraphics2d.jar;C:\Users\lucia\OneDrive\Documentos\NetBeansProjects\taxi OD solver\Jama-1.0.2.jar;C:\Users\lucia\OneDrive\Documentos\NetBeansProjects\taxi OD solver\gs-core-1.3.jar;C:\Users\lucia\OneDrive\Documentos\NetBeansProjects\Conceitos._Consulta_geral_SIGAA_para_planilha_do_pre_conselho-2014-10-23.zip;C:\Users\lucia\OneDrive\Documentos\NetBeansProjects\taxi OD solver\jdistlib-0.4.5-bin.jar;C:\Users\lucia\OneDrive\Documentos\NetBeansProjects\taxi OD solver\build\classes
Launcher Type: SUN_STANDARD

Environment Variables:
CLASSPATH=C:\Program Files\Java\jdk1.8.0_151\jre\lib;.\;
PATH=C:\ProgramData\Oracle\Java\javapath;C:\Program Files (x86)\NVIDIA Corporation\PhysX\Common;C:\WINDOWS\system32;C:\WINDOWS;C:\WINDOWS\System32\Wbem;C:\WINDOWS\System32\WindowsPowerShell\v1.0\;C:\Program Files (x86)\ATI Technologies\ATI.ACE\Core-Static;C:\Program Files\PuTTY\;C:\Program Files (x86)\DLR\Sumo\bin\;C:\Program Files (x86)\DLR\Sumo\tools\;C:\Program Files (x86)\AMD\ATI.ACE\Core-Static;C:\Users\lucia\AppData\Local\Microsoft\WindowsApps;
USERNAME=lucia
OS=Windows_NT
PROCESSOR_IDENTIFIER=AMD64 Family 23 Model 1 Stepping 1, AuthenticAMD



---------------  S Y S T E M  ---------------

OS: Windows 10.0 , 64 bit Build 16299 (10.0.16299.15)

CPU:total 16 (initial active 16) (16 cores per cpu, 1 threads per core) family 23 model 1 stepping 1, cmov, cx8, fxsr, mmx, sse, sse2, sse3, ssse3, sse4.1, sse4.2, popcnt, avx, avx2, aes, clmul, mmxext, 3dnowpref, lzcnt, sse4a, tsc, tscinvbit, tscinv, bmi1

Memory: 4k page, physical 16728416k(7043396k free), swap 33505632k(19585728k free)

vm_info: Java HotSpot(TM) 64-Bit Server VM (25.151-b12) for windows-amd64 JRE (1.8.0_151-b12), built on Sep  5 2017 19:33:46 by "java_re" with MS VC++ 10.0 (VS2010)

time: Fri Mar 23 22:10:55 2018
elapsed time: 3934 seconds (0d 1h 5m 34s)

